15:20:13: Creating resource group General
15:20:13: Creating resource group Internal
15:20:13: Creating resource group Autodetect
15:20:13: SceneManagerFactory for type 'DefaultSceneManager' registered.
15:20:13: Registering ResourceManager for type Material
15:20:13: Registering ResourceManager for type Mesh
15:20:13: Registering ResourceManager for type Skeleton
15:20:13: MovableObjectFactory for type 'ParticleSystem' registered.
15:20:13: ArchiveFactory for archive type FileSystem registered.
15:20:13: ArchiveFactory for archive type Zip registered.
15:20:13: ArchiveFactory for archive type EmbeddedZip registered.
15:20:13: DDS codec registering
15:20:13: FreeImage version: 3.17.0
15:20:13: This program uses FreeImage, a free, open source image library supporting all common bitmap formats. See http://freeimage.sourceforge.net for details
15:20:13: Supported formats: bmp,ico,jpg,jif,jpeg,jpe,jng,koa,iff,lbm,mng,pbm,pbm,pcd,pcx,pgm,pgm,png,ppm,ppm,ras,tga,targa,tif,tiff,wap,wbmp,wbm,psd,cut,xbm,xpm,gif,hdr,g3,sgi,rgb,rgba,bw,exr,j2k,j2c,jp2,pfm,pct,pict,pic,3fr,arw,bay,bmq,cap,cine,cr2,crw,cs1,dc2,dcr,drf,dsc,dng,erf,fff,ia,iiq,k25,kc2,kdc,mdc,mef,mos,mrw,nef,nrw,orf,pef,ptx,pxn,qtk,raf,raw,rdc,rw2,rwl,rwz,sr2,srf,srw,sti,x3f,webp,jxr,wdp,hdp
15:20:13: ETC codec registering
15:20:13: Registering ResourceManager for type HighLevelGpuProgram
15:20:13: Registering ResourceManager for type Compositor
15:20:13: MovableObjectFactory for type 'Entity' registered.
15:20:13: MovableObjectFactory for type 'Light' registered.
15:20:13: MovableObjectFactory for type 'BillboardSet' registered.
15:20:13: MovableObjectFactory for type 'ManualObject' registered.
15:20:13: MovableObjectFactory for type 'BillboardChain' registered.
15:20:13: MovableObjectFactory for type 'RibbonTrail' registered.
15:20:13: Loading library D:\PROVA\greta-master\bin\Player\Lib\External\Win64\DLL\RenderSystem_GL
15:20:13: Installing plugin: GL RenderSystem
15:20:13: OpenGL Rendering Subsystem created.
15:20:13: Plugin successfully installed
15:20:13: Loading library D:\PROVA\greta-master\bin\Player\Lib\External\Win64\DLL\Plugin_CgProgramManager
15:20:13: Installing plugin: Cg Program Manager
15:20:13: Plugin successfully installed
15:20:13: Loading library D:\PROVA\greta-master\bin\Player\Lib\External\Win64\DLL\Plugin_OctreeSceneManager
15:20:13: Installing plugin: Octree Scene Manager
15:20:13: Plugin successfully installed
15:20:13: *-*-* OGRE Initialising
15:20:13: *-*-* Version 1.9.0 (Ghadamon)
15:20:14: WARNING: office/sol.mesh is an older format ([MeshSerializer_v1.40]); you should upgrade it as soon as possible using the OgreMeshUpgrade tool.
15:20:14: WARNING: office/wall0.mesh is an older format ([MeshSerializer_v1.40]); you should upgrade it as soon as possible using the OgreMeshUpgrade tool.
15:20:14: WARNING: office/wall1.mesh is an older format ([MeshSerializer_v1.40]); you should upgrade it as soon as possible using the OgreMeshUpgrade tool.
15:20:14: WARNING: office/wall2.mesh is an older format ([MeshSerializer_v1.40]); you should upgrade it as soon as possible using the OgreMeshUpgrade tool.
15:20:15: WARNING: office/wall3.mesh is an older format ([MeshSerializer_v1.40]); you should upgrade it as soon as possible using the OgreMeshUpgrade tool.
15:20:15: WARNING: office/wall4.mesh is an older format ([MeshSerializer_v1.40]); you should upgrade it as soon as possible using the OgreMeshUpgrade tool.
15:20:15: WARNING: office/wall5.mesh is an older format ([MeshSerializer_v1.40]); you should upgrade it as soon as possible using the OgreMeshUpgrade tool.
15:20:15: WARNING: office/wall6.mesh is an older format ([MeshSerializer_v1.40]); you should upgrade it as soon as possible using the OgreMeshUpgrade tool.
15:20:15: WARNING: office/wall7.mesh is an older format ([MeshSerializer_v1.40]); you should upgrade it as soon as possible using the OgreMeshUpgrade tool.
15:20:15: WARNING: office/wall8.mesh is an older format ([MeshSerializer_v1.40]); you should upgrade it as soon as possible using the OgreMeshUpgrade tool.
15:20:15: WARNING: office/wall9.mesh is an older format ([MeshSerializer_v1.40]); you should upgrade it as soon as possible using the OgreMeshUpgrade tool.
15:20:15: WARNING: office/wall10.mesh is an older format ([MeshSerializer_v1.40]); you should upgrade it as soon as possible using the OgreMeshUpgrade tool.
15:20:15: WARNING: office/wall11.mesh is an older format ([MeshSerializer_v1.40]); you should upgrade it as soon as possible using the OgreMeshUpgrade tool.
15:20:15: WARNING: office/wall12.mesh is an older format ([MeshSerializer_v1.40]); you should upgrade it as soon as possible using the OgreMeshUpgrade tool.
15:20:15: WARNING: office/wall13.mesh is an older format ([MeshSerializer_v1.40]); you should upgrade it as soon as possible using the OgreMeshUpgrade tool.
15:20:15: WARNING: office/wall14.mesh is an older format ([MeshSerializer_v1.40]); you should upgrade it as soon as possible using the OgreMeshUpgrade tool.
15:20:15: WARNING: office/wall15.mesh is an older format ([MeshSerializer_v1.40]); you should upgrade it as soon as possible using the OgreMeshUpgrade tool.
15:20:15: WARNING: office/wall16.mesh is an older format ([MeshSerializer_v1.40]); you should upgrade it as soon as possible using the OgreMeshUpgrade tool.
15:20:15: WARNING: office/wall17.mesh is an older format ([MeshSerializer_v1.40]); you should upgrade it as soon as possible using the OgreMeshUpgrade tool.
15:20:15: WARNING: office/wall18.mesh is an older format ([MeshSerializer_v1.40]); you should upgrade it as soon as possible using the OgreMeshUpgrade tool.
15:20:15: WARNING: office/wall19.mesh is an older format ([MeshSerializer_v1.40]); you should upgrade it as soon as possible using the OgreMeshUpgrade tool.
15:20:15: WARNING: office/wall20.mesh is an older format ([MeshSerializer_v1.40]); you should upgrade it as soon as possible using the OgreMeshUpgrade tool.
15:20:15: WARNING: office/wall21.mesh is an older format ([MeshSerializer_v1.40]); you should upgrade it as soon as possible using the OgreMeshUpgrade tool.
15:20:15: WARNING: office/wall22.mesh is an older format ([MeshSerializer_v1.40]); you should upgrade it as soon as possible using the OgreMeshUpgrade tool.
15:20:15: WARNING: office/window.mesh is an older format ([MeshSerializer_v1.40]); you should upgrade it as soon as possible using the OgreMeshUpgrade tool.
15:20:15: WARNING: office/bay_window.mesh is an older format ([MeshSerializer_v1.40]); you should upgrade it as soon as possible using the OgreMeshUpgrade tool.
15:20:15: WARNING: office/door.mesh is an older format ([MeshSerializer_v1.40]); you should upgrade it as soon as possible using the OgreMeshUpgrade tool.
15:20:15: WARNING: office/doorFrame.mesh is an older format ([MeshSerializer_v1.40]); you should upgrade it as soon as possible using the OgreMeshUpgrade tool.
15:20:15: WARNING: office/doubleDoorFrame.mesh is an older format ([MeshSerializer_v1.40]); you should upgrade it as soon as possible using the OgreMeshUpgrade tool.
15:20:15: WARNING: office/outDoor.mesh is an older format ([MeshSerializer_v1.40]); you should upgrade it as soon as possible using the OgreMeshUpgrade tool.
15:20:15: WARNING: office/outDoorFrame.mesh is an older format ([MeshSerializer_v1.40]); you should upgrade it as soon as possible using the OgreMeshUpgrade tool.
15:20:15: WARNING: office/spotlight.mesh is an older format ([MeshSerializer_v1.40]); you should upgrade it as soon as possible using the OgreMeshUpgrade tool.
15:20:15: WARNING: office/table.mesh is an older format ([MeshSerializer_v1.40]); you should upgrade it as soon as possible using the OgreMeshUpgrade tool.
15:20:15: WARNING: office/chair1.mesh is an older format ([MeshSerializer_v1.40]); you should upgrade it as soon as possible using the OgreMeshUpgrade tool.
15:20:15: WARNING: office/couch.mesh is an older format ([MeshSerializer_v1.40]); you should upgrade it as soon as possible using the OgreMeshUpgrade tool.
15:20:15: WARNING: office/desk1.mesh is an older format ([MeshSerializer_v1.40]); you should upgrade it as soon as possible using the OgreMeshUpgrade tool.
15:20:15: WARNING: office/desk2.mesh is an older format ([MeshSerializer_v1.40]); you should upgrade it as soon as possible using the OgreMeshUpgrade tool.
15:20:15: WARNING: office/chair2.mesh is an older format ([MeshSerializer_v1.40]); you should upgrade it as soon as possible using the OgreMeshUpgrade tool.
15:20:15: WARNING: office/laptop.mesh is an older format ([MeshSerializer_v1.40]); you should upgrade it as soon as possible using the OgreMeshUpgrade tool.
15:20:15: WARNING: office/paper_stack.mesh is an older format ([MeshSerializer_v1.40]); you should upgrade it as soon as possible using the OgreMeshUpgrade tool.
15:20:15: WARNING: office/paper.mesh is an older format ([MeshSerializer_v1.40]); you should upgrade it as soon as possible using the OgreMeshUpgrade tool.
15:20:15: WARNING: office/cupboard_closed.mesh is an older format ([MeshSerializer_v1.40]); you should upgrade it as soon as possible using the OgreMeshUpgrade tool.
15:20:15: WARNING: office/rack.mesh is an older format ([MeshSerializer_v1.40]); you should upgrade it as soon as possible using the OgreMeshUpgrade tool.
15:20:15: WARNING: office/wos/wos001.mesh is an older format ([MeshSerializer_v1.40]); you should upgrade it as soon as possible using the OgreMeshUpgrade tool.
15:20:16: WARNING: office/wos/wos002.mesh is an older format ([MeshSerializer_v1.40]); you should upgrade it as soon as possible using the OgreMeshUpgrade tool.
15:20:16: WARNING: office/wos/wos003.mesh is an older format ([MeshSerializer_v1.40]); you should upgrade it as soon as possible using the OgreMeshUpgrade tool.
15:20:16: WARNING: office/wos/wos004.mesh is an older format ([MeshSerializer_v1.40]); you should upgrade it as soon as possible using the OgreMeshUpgrade tool.
15:20:16: WARNING: office/wos/wos005.mesh is an older format ([MeshSerializer_v1.40]); you should upgrade it as soon as possible using the OgreMeshUpgrade tool.
15:20:16: WARNING: office/wos/wos006.mesh is an older format ([MeshSerializer_v1.40]); you should upgrade it as soon as possible using the OgreMeshUpgrade tool.
15:20:16: WARNING: office/wos/wos007.mesh is an older format ([MeshSerializer_v1.40]); you should upgrade it as soon as possible using the OgreMeshUpgrade tool.
15:20:16: WARNING: office/wos/wos008.mesh is an older format ([MeshSerializer_v1.40]); you should upgrade it as soon as possible using the OgreMeshUpgrade tool.
15:20:16: WARNING: office/wos/wos009.mesh is an older format ([MeshSerializer_v1.40]); you should upgrade it as soon as possible using the OgreMeshUpgrade tool.
15:20:16: WARNING: office/wos/wos010.mesh is an older format ([MeshSerializer_v1.40]); you should upgrade it as soon as possible using the OgreMeshUpgrade tool.
15:20:16: WARNING: office/wos/wos011.mesh is an older format ([MeshSerializer_v1.40]); you should upgrade it as soon as possible using the OgreMeshUpgrade tool.
15:20:16: WARNING: office/wos/wos012.mesh is an older format ([MeshSerializer_v1.40]); you should upgrade it as soon as possible using the OgreMeshUpgrade tool.
15:20:16: WARNING: office/wos/wos013.mesh is an older format ([MeshSerializer_v1.40]); you should upgrade it as soon as possible using the OgreMeshUpgrade tool.
15:20:16: WARNING: office/wos/wos014.mesh is an older format ([MeshSerializer_v1.40]); you should upgrade it as soon as possible using the OgreMeshUpgrade tool.
15:20:16: WARNING: office/wos/wos015.mesh is an older format ([MeshSerializer_v1.40]); you should upgrade it as soon as possible using the OgreMeshUpgrade tool.
15:20:16: WARNING: office/wos/wos016.mesh is an older format ([MeshSerializer_v1.40]); you should upgrade it as soon as possible using the OgreMeshUpgrade tool.
15:20:16: WARNING: office/wos/wos017.mesh is an older format ([MeshSerializer_v1.40]); you should upgrade it as soon as possible using the OgreMeshUpgrade tool.
15:20:16: WARNING: office/wos/wos018.mesh is an older format ([MeshSerializer_v1.40]); you should upgrade it as soon as possible using the OgreMeshUpgrade tool.
15:20:16: WARNING: office/wos/wos019.mesh is an older format ([MeshSerializer_v1.40]); you should upgrade it as soon as possible using the OgreMeshUpgrade tool.
15:20:16: WARNING: office/wos/wos020.mesh is an older format ([MeshSerializer_v1.40]); you should upgrade it as soon as possible using the OgreMeshUpgrade tool.
15:20:16: WARNING: camille/body.mesh is an older format ([MeshSerializer_v1.40]); you should upgrade it as soon as possible using the OgreMeshUpgrade tool.
15:20:17: WARNING: bone.mesh is an older format ([MeshSerializer_v1.40]); you should upgrade it as soon as possible using the OgreMeshUpgrade tool.
15:20:17: Can't assign material bone to SubEntity of Reference-bone-0.6931027805889745 because this Material does not exist. Have you forgotten to define it in a .material script?
15:20:17: Can't assign material bone to SubEntity of Hips-bone-0.17647818603112286 because this Material does not exist. Have you forgotten to define it in a .material script?
15:20:17: Can't assign material bone to SubEntity of Spine-bone-0.7406172155183077 because this Material does not exist. Have you forgotten to define it in a .material script?
15:20:17: Can't assign material bone to SubEntity of RightUpLeg-bone-0.20418420524475323 because this Material does not exist. Have you forgotten to define it in a .material script?
15:20:17: Can't assign material bone to SubEntity of LeftUpLeg-bone-0.4341600064333395 because this Material does not exist. Have you forgotten to define it in a .material script?
15:20:17: Can't assign material bone to SubEntity of Spine1-bone-0.8996269998208175 because this Material does not exist. Have you forgotten to define it in a .material script?
15:20:17: Can't assign material bone to SubEntity of SpineV-bone-0.14984373162990383 because this Material does not exist. Have you forgotten to define it in a .material script?
15:20:17: Can't assign material bone to SubEntity of SpineV-bone-0.9859381214348463 because this Material does not exist. Have you forgotten to define it in a .material script?
15:20:17: Can't assign material bone to SubEntity of Spine2-bone-0.42833998360765346 because this Material does not exist. Have you forgotten to define it in a .material script?
15:20:17: Can't assign material bone to SubEntity of Spine1V-bone-0.8157070181043679 because this Material does not exist. Have you forgotten to define it in a .material script?
15:20:17: Can't assign material bone to SubEntity of Spine3-bone-0.0969432278598571 because this Material does not exist. Have you forgotten to define it in a .material script?
15:20:17: Can't assign material bone to SubEntity of Spine2V-bone-0.5985678777196465 because this Material does not exist. Have you forgotten to define it in a .material script?
15:20:17: Can't assign material bone to SubEntity of Spine2V-bone-0.2010363275816327 because this Material does not exist. Have you forgotten to define it in a .material script?
15:20:17: Can't assign material bone to SubEntity of Spine4-bone-0.02855933794043719 because this Material does not exist. Have you forgotten to define it in a .material script?
15:20:17: Can't assign material bone to SubEntity of Spine4Right-bone-0.42344237221357395 because this Material does not exist. Have you forgotten to define it in a .material script?
15:20:17: Can't assign material bone to SubEntity of Spine4Left-bone-0.9716536061281826 because this Material does not exist. Have you forgotten to define it in a .material script?
15:20:17: Can't assign material bone to SubEntity of Neck-bone-0.4491725697629151 because this Material does not exist. Have you forgotten to define it in a .material script?
15:20:17: Can't assign material bone to SubEntity of RightShoulder-bone-0.9782258510145652 because this Material does not exist. Have you forgotten to define it in a .material script?
15:20:17: Can't assign material bone to SubEntity of LeftShoulder-bone-0.8896093962451267 because this Material does not exist. Have you forgotten to define it in a .material script?
15:20:17: Can't assign material bone to SubEntity of Neck1-bone-0.5336147511125918 because this Material does not exist. Have you forgotten to define it in a .material script?
15:20:17: Can't assign material bone to SubEntity of Head-bone-0.813608270662688 because this Material does not exist. Have you forgotten to define it in a .material script?
15:20:17: Can't assign material bone to SubEntity of HeadEnd-bone-0.09078857987903544 because this Material does not exist. Have you forgotten to define it in a .material script?
15:20:17: Can't assign material bone to SubEntity of RightEye-bone-0.6834023178360579 because this Material does not exist. Have you forgotten to define it in a .material script?
15:20:17: Can't assign material bone to SubEntity of LeftEye-bone-0.7465785931292955 because this Material does not exist. Have you forgotten to define it in a .material script?
15:20:17: Can't assign material bone to SubEntity of LipUpperL-bone-0.9912143680831904 because this Material does not exist. Have you forgotten to define it in a .material script?
15:20:17: Can't assign material bone to SubEntity of Jaw-bone-0.6467003799278884 because this Material does not exist. Have you forgotten to define it in a .material script?
15:20:17: Can't assign material bone to SubEntity of CheekR-bone-0.20940955371569248 because this Material does not exist. Have you forgotten to define it in a .material script?
15:20:17: Can't assign material bone to SubEntity of Nostrils-bone-0.8202048515148551 because this Material does not exist. Have you forgotten to define it in a .material script?
15:20:17: Can't assign material bone to SubEntity of LipUpperR-bone-0.7647733943701004 because this Material does not exist. Have you forgotten to define it in a .material script?
15:20:17: Can't assign material bone to SubEntity of LipCornerR-bone-0.6520615789710729 because this Material does not exist. Have you forgotten to define it in a .material script?
15:20:17: Can't assign material bone to SubEntity of LipCornerR-bone-0.7286136657433998 because this Material does not exist. Have you forgotten to define it in a .material script?
15:20:17: Can't assign material bone to SubEntity of LipCornerL-bone-0.8698775104320148 because this Material does not exist. Have you forgotten to define it in a .material script?
15:20:17: Can't assign material bone to SubEntity of BrowInnerR-bone-0.27202371545320236 because this Material does not exist. Have you forgotten to define it in a .material script?
15:20:17: Can't assign material bone to SubEntity of BrowInnerL-bone-0.02952344309173649 because this Material does not exist. Have you forgotten to define it in a .material script?
15:20:17: Can't assign material bone to SubEntity of BrowInnerL-bone-0.8035989912086029 because this Material does not exist. Have you forgotten to define it in a .material script?
15:20:17: Can't assign material bone to SubEntity of BrowOuterR-bone-0.5825272069514755 because this Material does not exist. Have you forgotten to define it in a .material script?
15:20:17: Can't assign material bone to SubEntity of BrowOuterL-bone-0.1095820859086819 because this Material does not exist. Have you forgotten to define it in a .material script?
15:20:17: Can't assign material bone to SubEntity of BrowOuterL-bone-0.7589759001364029 because this Material does not exist. Have you forgotten to define it in a .material script?
15:20:17: Can't assign material bone to SubEntity of UpperLidR-bone-0.9188625487864615 because this Material does not exist. Have you forgotten to define it in a .material script?
15:20:17: Can't assign material bone to SubEntity of UpperLidL-bone-0.5324483992005167 because this Material does not exist. Have you forgotten to define it in a .material script?
15:20:17: Can't assign material bone to SubEntity of LowerLidR-bone-0.6731416447093986 because this Material does not exist. Have you forgotten to define it in a .material script?
15:20:17: Can't assign material bone to SubEntity of LowerLidR-bone-0.6929036163911125 because this Material does not exist. Have you forgotten to define it in a .material script?
15:20:17: Can't assign material bone to SubEntity of LowerLidL-bone-0.09217639333332328 because this Material does not exist. Have you forgotten to define it in a .material script?
15:20:17: Can't assign material bone to SubEntity of CheekL-bone-0.649827315223716 because this Material does not exist. Have you forgotten to define it in a .material script?
15:20:17: Can't assign material bone to SubEntity of TongueR-bone-0.47225743623153926 because this Material does not exist. Have you forgotten to define it in a .material script?
15:20:17: Can't assign material bone to SubEntity of LipLowerR-bone-0.6472708905050253 because this Material does not exist. Have you forgotten to define it in a .material script?
15:20:17: Can't assign material bone to SubEntity of LipLowerL-bone-0.7704894531894183 because this Material does not exist. Have you forgotten to define it in a .material script?
15:20:17: Can't assign material bone to SubEntity of LipLowerL-bone-0.9862986545079732 because this Material does not exist. Have you forgotten to define it in a .material script?
15:20:17: Can't assign material bone to SubEntity of TongueF-bone-0.02619523299243509 because this Material does not exist. Have you forgotten to define it in a .material script?
15:20:17: Can't assign material bone to SubEntity of RightArm-bone-0.02602276580383378 because this Material does not exist. Have you forgotten to define it in a .material script?
15:20:17: Can't assign material bone to SubEntity of RightArmRoll-bone-0.8126449769550562 because this Material does not exist. Have you forgotten to define it in a .material script?
15:20:17: Can't assign material bone to SubEntity of RightForeArm-bone-0.8446999223262777 because this Material does not exist. Have you forgotten to define it in a .material script?
15:20:17: Can't assign material bone to SubEntity of RightForeArmRoll-bone-0.34673339532461567 because this Material does not exist. Have you forgotten to define it in a .material script?
15:20:17: Can't assign material bone to SubEntity of RightHand-bone-0.6757657180678508 because this Material does not exist. Have you forgotten to define it in a .material script?
15:20:17: Can't assign material bone to SubEntity of RightFingerBase-bone-0.901229678704127 because this Material does not exist. Have you forgotten to define it in a .material script?
15:20:17: Can't assign material bone to SubEntity of RightHandThumb1-bone-0.5442941785124218 because this Material does not exist. Have you forgotten to define it in a .material script?
15:20:17: Can't assign material bone to SubEntity of RightHandThumb1-bone-0.9444720267686056 because this Material does not exist. Have you forgotten to define it in a .material script?
15:20:17: Can't assign material bone to SubEntity of RightHandRing1-bone-0.88691860501729 because this Material does not exist. Have you forgotten to define it in a .material script?
15:20:17: Can't assign material bone to SubEntity of RightHandIndex0-bone-0.2971588952139754 because this Material does not exist. Have you forgotten to define it in a .material script?
15:20:17: Can't assign material bone to SubEntity of RightHandMiddle1-bone-0.5780837296027372 because this Material does not exist. Have you forgotten to define it in a .material script?
15:20:17: Can't assign material bone to SubEntity of RightHandPinky0-bone-0.7571170885603355 because this Material does not exist. Have you forgotten to define it in a .material script?
15:20:17: Can't assign material bone to SubEntity of RightHandThumb2-bone-0.4586004945340678 because this Material does not exist. Have you forgotten to define it in a .material script?
15:20:17: Can't assign material bone to SubEntity of RightHandThumb3-bone-0.4531420875989344 because this Material does not exist. Have you forgotten to define it in a .material script?
15:20:17: Can't assign material bone to SubEntity of RightHandThumb4-bone-0.6854383500291189 because this Material does not exist. Have you forgotten to define it in a .material script?
15:20:17: Can't assign material bone to SubEntity of RightHandIndex1-bone-0.3913718510875934 because this Material does not exist. Have you forgotten to define it in a .material script?
15:20:17: Can't assign material bone to SubEntity of RightHandIndex1-bone-0.5267486966249487 because this Material does not exist. Have you forgotten to define it in a .material script?
15:20:17: Can't assign material bone to SubEntity of RightHandIndex2-bone-0.6359609584340431 because this Material does not exist. Have you forgotten to define it in a .material script?
15:20:17: Can't assign material bone to SubEntity of RightHandIndex3-bone-0.4111137276559548 because this Material does not exist. Have you forgotten to define it in a .material script?
15:20:17: Can't assign material bone to SubEntity of RightHandIndex4-bone-0.5944817451114046 because this Material does not exist. Have you forgotten to define it in a .material script?
15:20:17: Can't assign material bone to SubEntity of RightHandMiddle2-bone-0.41843719834743354 because this Material does not exist. Have you forgotten to define it in a .material script?
15:20:17: Can't assign material bone to SubEntity of RightHandMiddle3-bone-0.37253260558017587 because this Material does not exist. Have you forgotten to define it in a .material script?
15:20:17: Can't assign material bone to SubEntity of RightHandMiddle3-bone-0.050836994666511814 because this Material does not exist. Have you forgotten to define it in a .material script?
15:20:17: Can't assign material bone to SubEntity of RightHandMiddle4-bone-0.9271425229854697 because this Material does not exist. Have you forgotten to define it in a .material script?
15:20:17: Can't assign material bone to SubEntity of RightHandRing2-bone-0.14009195161590438 because this Material does not exist. Have you forgotten to define it in a .material script?
15:20:17: Can't assign material bone to SubEntity of RightHandRing3-bone-0.23101832314681647 because this Material does not exist. Have you forgotten to define it in a .material script?
15:20:17: Can't assign material bone to SubEntity of RightHandRing4-bone-0.49398785713329674 because this Material does not exist. Have you forgotten to define it in a .material script?
15:20:17: Can't assign material bone to SubEntity of RightHandPinky1-bone-0.19639657393181897 because this Material does not exist. Have you forgotten to define it in a .material script?
15:20:17: Can't assign material bone to SubEntity of RightHandPinky2-bone-0.23327597014969448 because this Material does not exist. Have you forgotten to define it in a .material script?
15:20:17: Can't assign material bone to SubEntity of RightHandPinky3-bone-0.17577847953390247 because this Material does not exist. Have you forgotten to define it in a .material script?
15:20:17: Can't assign material bone to SubEntity of RightHandPinky4-bone-0.3655056924298682 because this Material does not exist. Have you forgotten to define it in a .material script?
15:20:17: Can't assign material bone to SubEntity of RightHandPinky4-bone-0.3253051880044473 because this Material does not exist. Have you forgotten to define it in a .material script?
15:20:17: Can't assign material bone to SubEntity of LeftArm-bone-0.6389441028285738 because this Material does not exist. Have you forgotten to define it in a .material script?
15:20:17: Can't assign material bone to SubEntity of LeftArmRoll-bone-0.4937621038263653 because this Material does not exist. Have you forgotten to define it in a .material script?
15:20:17: Can't assign material bone to SubEntity of LeftForeArm-bone-0.04200401477839111 because this Material does not exist. Have you forgotten to define it in a .material script?
15:20:17: Can't assign material bone to SubEntity of LeftForeArmRoll-bone-0.9855994646014317 because this Material does not exist. Have you forgotten to define it in a .material script?
15:20:17: Can't assign material bone to SubEntity of LeftHand-bone-0.899543563698688 because this Material does not exist. Have you forgotten to define it in a .material script?
15:20:17: Can't assign material bone to SubEntity of LeftFingerBase-bone-0.07995982224130815 because this Material does not exist. Have you forgotten to define it in a .material script?
15:20:17: Can't assign material bone to SubEntity of LeftHandThumb1-bone-0.5711756740149222 because this Material does not exist. Have you forgotten to define it in a .material script?
15:20:17: Can't assign material bone to SubEntity of LeftHandPinky0-bone-0.5001761797179244 because this Material does not exist. Have you forgotten to define it in a .material script?
15:20:17: Can't assign material bone to SubEntity of LeftHandIndex0-bone-0.49806309532312554 because this Material does not exist. Have you forgotten to define it in a .material script?
15:20:17: Can't assign material bone to SubEntity of LeftHandMiddle1-bone-0.6908371189764508 because this Material does not exist. Have you forgotten to define it in a .material script?
15:20:17: Can't assign material bone to SubEntity of LeftHandRing1-bone-0.25892375469196616 because this Material does not exist. Have you forgotten to define it in a .material script?
15:20:17: Can't assign material bone to SubEntity of LeftHandThumb2-bone-0.23421922852073906 because this Material does not exist. Have you forgotten to define it in a .material script?
15:20:17: Can't assign material bone to SubEntity of LeftHandThumb3-bone-0.38410999391590694 because this Material does not exist. Have you forgotten to define it in a .material script?
15:20:17: Can't assign material bone to SubEntity of LeftHandThumb4-bone-0.627204307394367 because this Material does not exist. Have you forgotten to define it in a .material script?
15:20:17: Can't assign material bone to SubEntity of LeftHandIndex1-bone-0.7052543074194503 because this Material does not exist. Have you forgotten to define it in a .material script?
15:20:17: Can't assign material bone to SubEntity of LeftHandIndex1-bone-0.9368910988805854 because this Material does not exist. Have you forgotten to define it in a .material script?
15:20:17: Can't assign material bone to SubEntity of LeftHandIndex2-bone-0.7693210556082598 because this Material does not exist. Have you forgotten to define it in a .material script?
15:20:17: Can't assign material bone to SubEntity of LeftHandIndex3-bone-0.1917684041689226 because this Material does not exist. Have you forgotten to define it in a .material script?
15:20:17: Can't assign material bone to SubEntity of LeftHandIndex4-bone-0.36781893416149236 because this Material does not exist. Have you forgotten to define it in a .material script?
15:20:17: Can't assign material bone to SubEntity of LeftHandIndex4-bone-0.2699532204993338 because this Material does not exist. Have you forgotten to define it in a .material script?
15:20:17: Can't assign material bone to SubEntity of LeftHandMiddle2-bone-0.08788971058565909 because this Material does not exist. Have you forgotten to define it in a .material script?
15:20:17: Can't assign material bone to SubEntity of LeftHandMiddle3-bone-0.18165171642850464 because this Material does not exist. Have you forgotten to define it in a .material script?
15:20:17: Can't assign material bone to SubEntity of LeftHandMiddle4-bone-0.3110968507782297 because this Material does not exist. Have you forgotten to define it in a .material script?
15:20:17: Can't assign material bone to SubEntity of LeftHandRing2-bone-0.06533761721132236 because this Material does not exist. Have you forgotten to define it in a .material script?
15:20:17: Can't assign material bone to SubEntity of LeftHandRing3-bone-0.6127186560170582 because this Material does not exist. Have you forgotten to define it in a .material script?
15:20:17: Can't assign material bone to SubEntity of LeftHandRing4-bone-0.6224501597820994 because this Material does not exist. Have you forgotten to define it in a .material script?
15:20:17: Can't assign material bone to SubEntity of LeftHandPinky1-bone-0.6595573336272114 because this Material does not exist. Have you forgotten to define it in a .material script?
15:20:17: Can't assign material bone to SubEntity of LeftHandPinky2-bone-0.6906069444659764 because this Material does not exist. Have you forgotten to define it in a .material script?
15:20:17: Can't assign material bone to SubEntity of LeftHandPinky3-bone-0.5936833021277036 because this Material does not exist. Have you forgotten to define it in a .material script?
15:20:17: Can't assign material bone to SubEntity of LeftHandPinky3-bone-0.9279442526528776 because this Material does not exist. Have you forgotten to define it in a .material script?
15:20:17: Can't assign material bone to SubEntity of LeftHandPinky4-bone-0.41474528678477607 because this Material does not exist. Have you forgotten to define it in a .material script?
15:20:17: Can't assign material bone to SubEntity of Spine4RightEnd-bone-0.26940336553041644 because this Material does not exist. Have you forgotten to define it in a .material script?
15:20:17: Can't assign material bone to SubEntity of Spine4LeftEnd-bone-0.941718394606487 because this Material does not exist. Have you forgotten to define it in a .material script?
15:20:17: Can't assign material bone to SubEntity of Spine2VEnd-bone-0.6783640268084118 because this Material does not exist. Have you forgotten to define it in a .material script?
15:20:17: Can't assign material bone to SubEntity of Spine1VEnd-bone-0.7190839844320103 because this Material does not exist. Have you forgotten to define it in a .material script?
15:20:17: Can't assign material bone to SubEntity of SpineVEnd-bone-0.4034016100036034 because this Material does not exist. Have you forgotten to define it in a .material script?
15:20:17: Can't assign material bone to SubEntity of RightUpLegRoll-bone-0.4209164230439464 because this Material does not exist. Have you forgotten to define it in a .material script?
15:20:17: Can't assign material bone to SubEntity of RightLeg-bone-0.2501489740177988 because this Material does not exist. Have you forgotten to define it in a .material script?
15:20:17: Can't assign material bone to SubEntity of RightLegRoll-bone-0.3532908922535747 because this Material does not exist. Have you forgotten to define it in a .material script?
15:20:17: Can't assign material bone to SubEntity of RightFoot-bone-0.4729447630582313 because this Material does not exist. Have you forgotten to define it in a .material script?
15:20:17: Can't assign material bone to SubEntity of RightToeBase-bone-0.030553046459528832 because this Material does not exist. Have you forgotten to define it in a .material script?
15:20:17: Can't assign material bone to SubEntity of RightFootExtraFinger1-bone-0.6014323361283325 because this Material does not exist. Have you forgotten to define it in a .material script?
15:20:17: Can't assign material bone to SubEntity of RightFootExtraFinger1-bone-0.23965386884427764 because this Material does not exist. Have you forgotten to define it in a .material script?
15:20:17: Can't assign material bone to SubEntity of RightFootPinky1-bone-0.5554560422715487 because this Material does not exist. Have you forgotten to define it in a .material script?
15:20:17: Can't assign material bone to SubEntity of RightFootIndex1-bone-0.759931718493074 because this Material does not exist. Have you forgotten to define it in a .material script?
15:20:17: Can't assign material bone to SubEntity of RightFootMiddle1-bone-0.6200186995841346 because this Material does not exist. Have you forgotten to define it in a .material script?
15:20:17: Can't assign material bone to SubEntity of RightFootRing1-bone-0.9900163954391018 because this Material does not exist. Have you forgotten to define it in a .material script?
15:20:17: Can't assign material bone to SubEntity of RightFootExtraFinger2-bone-0.49388355737879064 because this Material does not exist. Have you forgotten to define it in a .material script?
15:20:17: Can't assign material bone to SubEntity of RightFootExtraFinger3-bone-0.18116535227911024 because this Material does not exist. Have you forgotten to define it in a .material script?
15:20:17: Can't assign material bone to SubEntity of RightFootIndex2-bone-0.5744130085530308 because this Material does not exist. Have you forgotten to define it in a .material script?
15:20:17: Can't assign material bone to SubEntity of RightFootIndex2-bone-0.08517268874829376 because this Material does not exist. Have you forgotten to define it in a .material script?
15:20:17: Can't assign material bone to SubEntity of RightFootIndex3-bone-0.6718491876897749 because this Material does not exist. Have you forgotten to define it in a .material script?
15:20:17: Can't assign material bone to SubEntity of RightFootMiddle2-bone-0.4084904768466143 because this Material does not exist. Have you forgotten to define it in a .material script?
15:20:17: Can't assign material bone to SubEntity of RightFootMiddle3-bone-0.37349739085692646 because this Material does not exist. Have you forgotten to define it in a .material script?
15:20:17: Can't assign material bone to SubEntity of RightFootRing2-bone-0.10147427780780371 because this Material does not exist. Have you forgotten to define it in a .material script?
15:20:17: Can't assign material bone to SubEntity of RightFootRing3-bone-0.6078368499191058 because this Material does not exist. Have you forgotten to define it in a .material script?
15:20:17: Can't assign material bone to SubEntity of RightFootPinky2-bone-0.7974353268126697 because this Material does not exist. Have you forgotten to define it in a .material script?
15:20:17: Can't assign material bone to SubEntity of RightFootPinky3-bone-0.5367422800240038 because this Material does not exist. Have you forgotten to define it in a .material script?
15:20:17: Can't assign material bone to SubEntity of LeftUpLegRoll-bone-0.5108018368778714 because this Material does not exist. Have you forgotten to define it in a .material script?
15:20:17: Can't assign material bone to SubEntity of LeftLeg-bone-0.5676693720782363 because this Material does not exist. Have you forgotten to define it in a .material script?
15:20:17: Can't assign material bone to SubEntity of LeftLegRoll-bone-0.3831396719215948 because this Material does not exist. Have you forgotten to define it in a .material script?
15:20:17: Can't assign material bone to SubEntity of LeftFoot-bone-0.004376579114899637 because this Material does not exist. Have you forgotten to define it in a .material script?
15:20:17: Can't assign material bone to SubEntity of LeftToeBase-bone-0.9716574230566194 because this Material does not exist. Have you forgotten to define it in a .material script?
15:20:17: Can't assign material bone to SubEntity of LeftFootExtraFinger1-bone-0.012687219985432319 because this Material does not exist. Have you forgotten to define it in a .material script?
15:20:17: Can't assign material bone to SubEntity of LeftFootIndex1-bone-0.464351513766856 because this Material does not exist. Have you forgotten to define it in a .material script?
15:20:17: Can't assign material bone to SubEntity of LeftFootIndex1-bone-0.17573117676347905 because this Material does not exist. Have you forgotten to define it in a .material script?
15:20:17: Can't assign material bone to SubEntity of LeftFootRing1-bone-0.7019836038861259 because this Material does not exist. Have you forgotten to define it in a .material script?
15:20:17: Can't assign material bone to SubEntity of LeftFootMiddle1-bone-0.8504566802860365 because this Material does not exist. Have you forgotten to define it in a .material script?
15:20:17: Can't assign material bone to SubEntity of LeftFootPinky1-bone-0.9281013418101214 because this Material does not exist. Have you forgotten to define it in a .material script?
15:20:17: Can't assign material bone to SubEntity of LeftFootExtraFinger2-bone-0.8540087877440459 because this Material does not exist. Have you forgotten to define it in a .material script?
15:20:17: Can't assign material bone to SubEntity of LeftFootExtraFinger3-bone-0.47841811128066747 because this Material does not exist. Have you forgotten to define it in a .material script?
15:20:17: Can't assign material bone to SubEntity of LeftFootIndex2-bone-0.1354988041637074 because this Material does not exist. Have you forgotten to define it in a .material script?
15:20:17: Can't assign material bone to SubEntity of LeftFootIndex3-bone-0.8797822195739113 because this Material does not exist. Have you forgotten to define it in a .material script?
15:20:17: Can't assign material bone to SubEntity of LeftFootMiddle2-bone-0.097022548063189 because this Material does not exist. Have you forgotten to define it in a .material script?
15:20:17: Can't assign material bone to SubEntity of LeftFootMiddle3-bone-0.04204320961250685 because this Material does not exist. Have you forgotten to define it in a .material script?
15:20:17: Can't assign material bone to SubEntity of LeftFootRing2-bone-0.0794446065529234 because this Material does not exist. Have you forgotten to define it in a .material script?
15:20:17: Can't assign material bone to SubEntity of LeftFootRing3-bone-0.8943398244400182 because this Material does not exist. Have you forgotten to define it in a .material script?
15:20:17: Can't assign material bone to SubEntity of LeftFootPinky2-bone-0.32598445365171924 because this Material does not exist. Have you forgotten to define it in a .material script?
15:20:17: Can't assign material bone to SubEntity of LeftFootPinky3-bone-0.2072919857667781 because this Material does not exist. Have you forgotten to define it in a .material script?
